[0m19:04:39.745123 [debug] [MainThread]: Sending event: {'category': 'dbt', 'action': 'invocation', 'label': 'start', 'context': [<snowplow_tracker.self_describing_json.SelfDescribingJson object at 0x111c2e150>, <snowplow_tracker.self_describing_json.SelfDescribingJson object at 0x111d94da0>, <snowplow_tracker.self_describing_json.SelfDescribingJson object at 0x111d94ad0>]}


============================== 19:04:39.748212 | 627b86ac-84fc-431d-bc4a-773f0e367efa ==============================
[0m19:04:39.748212 [info ] [MainThread]: Running with dbt=1.9.0
[0m19:04:39.748560 [debug] [MainThread]: running dbt with arguments {'printer_width': '80', 'indirect_selection': 'eager', 'write_json': 'True', 'log_cache_events': 'False', 'partial_parse': 'True', 'cache_selected_only': 'False', 'profiles_dir': '/Users/timothywong/.dbt', 'fail_fast': 'False', 'warn_error': 'None', 'log_path': 'logs', 'debug': 'False', 'version_check': 'True', 'use_colors': 'True', 'use_experimental_parser': 'False', 'no_print': 'None', 'quiet': 'False', 'empty': 'None', 'log_format': 'default', 'static_parser': 'True', 'invocation_command': 'dbt init dbtlearn', 'warn_error_options': 'WarnErrorOptions(include=[], exclude=[])', 'target_path': 'None', 'introspect': 'True', 'send_anonymous_usage_stats': 'True'}
[0m19:04:39.756905 [debug] [MainThread]: Starter project path: /Users/timothywong/Desktop/Projects/dbt-course/dbt_venv/lib/python3.12/site-packages/dbt/include/starter_project
[0m19:04:39.759967 [info ] [MainThread]: 
Your new dbt project "dbtlearn" was created!

For more information on how to configure the profiles.yml file,
please consult the dbt documentation here:

  https://docs.getdbt.com/docs/configure-your-profile

One more thing:

Need help? Don't hesitate to reach out to us via GitHub issues or on Slack:

  https://community.getdbt.com/

Happy modeling!

[0m19:04:39.760181 [info ] [MainThread]: Setting up your profile.
[0m19:07:38.765045 [info ] [MainThread]: Profile dbtlearn written to /Users/timothywong/.dbt/profiles.yml using target's profile_template.yml and your supplied values. Run 'dbt debug' to validate the connection.
[0m19:07:38.915987 [debug] [MainThread]: Resource report: {"command_name": "init", "command_success": true, "command_wall_clock_time": 179.22937, "process_in_blocks": "0", "process_kernel_time": 0.161716, "process_mem_max_rss": "113393664", "process_out_blocks": "0", "process_user_time": 0.729838}
[0m19:07:38.916849 [debug] [MainThread]: Command `dbt init` succeeded at 19:07:38.916719 after 179.23 seconds
[0m19:07:38.917305 [debug] [MainThread]: Sending event: {'category': 'dbt', 'action': 'invocation', 'label': 'end', 'context': [<snowplow_tracker.self_describing_json.SelfDescribingJson object at 0x111c2e150>, <snowplow_tracker.self_describing_json.SelfDescribingJson object at 0x1121e1700>, <snowplow_tracker.self_describing_json.SelfDescribingJson object at 0x1125d4350>]}
[0m19:07:38.917768 [debug] [MainThread]: Flushing usage events
[0m19:07:39.137947 [debug] [MainThread]: An error was encountered while trying to flush usage events
[0m09:58:54.858262 [debug] [MainThread]: Sending event: {'category': 'dbt', 'action': 'invocation', 'label': 'start', 'context': [<snowplow_tracker.self_describing_json.SelfDescribingJson object at 0x102fcc2f0>, <snowplow_tracker.self_describing_json.SelfDescribingJson object at 0x104ed5220>, <snowplow_tracker.self_describing_json.SelfDescribingJson object at 0x104ed4f80>]}


============================== 09:58:54.861648 | 022632e1-844a-4181-b784-dc6e67bb3469 ==============================
[0m09:58:54.861648 [info ] [MainThread]: Running with dbt=1.9.0
[0m09:58:54.862005 [debug] [MainThread]: running dbt with arguments {'printer_width': '80', 'indirect_selection': 'eager', 'write_json': 'True', 'log_cache_events': 'False', 'partial_parse': 'True', 'cache_selected_only': 'False', 'profiles_dir': '/Users/timothywong/.dbt', 'fail_fast': 'False', 'debug': 'False', 'log_path': 'logs', 'version_check': 'True', 'warn_error': 'None', 'use_colors': 'True', 'use_experimental_parser': 'False', 'no_print': 'None', 'quiet': 'False', 'empty': 'False', 'warn_error_options': 'WarnErrorOptions(include=[], exclude=[])', 'static_parser': 'True', 'invocation_command': 'dbt run', 'introspect': 'True', 'target_path': 'None', 'log_format': 'default', 'send_anonymous_usage_stats': 'True'}
[0m09:58:54.862329 [error] [MainThread]: Encountered an error:
Runtime Error
  No dbt_project.yml found at expected path /Users/timothywong/Desktop/Projects/dbt-course/dbt_project.yml
  Verify that each entry within packages.yml (and their transitive dependencies) contains a file named dbt_project.yml
  
[0m09:58:54.863578 [debug] [MainThread]: Resource report: {"command_name": "run", "command_success": false, "command_wall_clock_time": 0.063805334, "process_in_blocks": "0", "process_kernel_time": 0.104014, "process_mem_max_rss": "94666752", "process_out_blocks": "0", "process_user_time": 0.602388}
[0m09:58:54.863997 [debug] [MainThread]: Command `dbt run` failed at 09:58:54.863940 after 0.06 seconds
[0m09:58:54.864209 [debug] [MainThread]: Sending event: {'category': 'dbt', 'action': 'invocation', 'label': 'end', 'context': [<snowplow_tracker.self_describing_json.SelfDescribingJson object at 0x10467f0e0>, <snowplow_tracker.self_describing_json.SelfDescribingJson object at 0x104ed5160>, <snowplow_tracker.self_describing_json.SelfDescribingJson object at 0x104ed6a80>]}
[0m09:58:54.864395 [debug] [MainThread]: Flushing usage events
[0m09:58:55.081029 [debug] [MainThread]: An error was encountered while trying to flush usage events
